[23:11:56] [INIT] KubeJS 2001.6.4-build.95; MC 2001 forge
[23:11:56] [INIT] Loaded plugins:
[23:11:56] [INIT] - dev.latvian.mods.kubejs.forge.BuiltinKubeJSForgePlugin
[23:11:56] [INIT] - dev.latvian.mods.kubejs.forge.BuiltinKubeJSForgeClientPlugin
[23:11:56] [INIT] - com.lowdragmc.lowdraglib.kjs.LDLibKubeJSPlugin
[23:11:56] [INIT] - dev.ftb.mods.ftbxmodcompat.ftbquests.kubejs.KubeJSIntegration
[23:11:56] [INIT] - dev.ftb.mods.ftbxmodcompat.ftbchunks.kubejs.FTBChunksKubeJSPlugin
[23:11:56] [INIT] - com.gregtechceu.gtceu.integration.kjs.GregTechKubeJSPlugin
[23:11:56] [INIT] - com.tom.createores.kubejs.KubeJSExcavation
[23:11:56] [INIT] - com.almostreliable.morejs.Plugin
[23:11:56] [INIT] - com.blakebr0.cucumber.compat.kubejs.CucumberKubeJSPlugin
[23:11:56] [INIT] - com.almostreliable.ponderjs.PonderJSPlugin
[23:11:56] [INFO] Loaded script client_scripts:jei_hide.js in 0.006 s
[23:11:56] [INFO] Loaded script client_scripts:jei_info.js in 0.0 s
[23:11:56] [INFO] Loaded script client_scripts:mekanismClient.js in 0.0 s
[23:11:56] [INFO] observeGT.js#10: Loaded Java class 'com.gregtechceu.gtceu.api.blockentity.MetaMachineBlockEntity'
[23:11:56] [INFO] observeGT.js#11: Loaded Java class 'com.gregtechceu.gtceu.api.machine.feature.multiblock.IMultiController'
[23:11:56] [INFO] observeGT.js#12: Loaded Java class 'net.minecraft.nbt.CompoundTag'
[23:11:56] [INFO] Loaded script client_scripts:observeGT.js in 0.007 s
[23:11:56] [INFO] observeMekanism.js#1: Loaded Java class 'mekanism.common.tile.prefab.TileEntityMultiblock'
[23:11:56] [INFO] observeMekanism.js#2: Loaded Java class 'mekanism.common.tile.base.TileEntityMekanism'
[23:11:56] [INFO] Loaded script client_scripts:observeMekanism.js in 0.019 s
[23:11:56] [INFO] Loaded script client_scripts:ponder/corail.js in 0.001 s
[23:11:56] [INFO] Loaded script client_scripts:ponder/fission_mek.js in 0.0 s
[23:11:56] [INFO] Loaded script client_scripts:ponder/fission_mek_fuelrod.js in 0.0 s
[23:11:56] [INFO] Loaded script client_scripts:ponder/fission_mek_logic.js in 0.001 s
[23:11:56] [INFO] Loaded script client_scripts:ponder/fission_mek_port.js in 0.001 s
[23:11:56] [INFO] Loaded script client_scripts:ponder/fusion_activate.js in 0.001 s
[23:11:56] [INFO] Loaded script client_scripts:ponder/fusion_reactor.js in 0.001 s
[23:11:56] [INFO] Loaded script client_scripts:ponder/induction_mek.js in 0.001 s
[23:11:56] [INFO] Loaded script client_scripts:ponder/pylons.js in 0.001 s
[23:11:56] [INFO] Loaded script client_scripts:ponder/sps.js in 0.001 s
[23:11:56] [INFO] Loaded script client_scripts:ponder/turbine_mek.js in 0.002 s
[23:11:56] [INFO] Loaded script client_scripts:tooltips.js in 0.002 s
[23:11:56] [INFO] Loaded 17/17 KubeJS client scripts in 0.077 s
[23:12:11] [ERROR] ! mekanismClient.js#12: Use ClientEvents.lang('en_us', event => { event.add(key, value) }) instead!
[23:12:11] [ERROR] ! mekanismClient.js#13: Use ClientEvents.lang('en_us', event => { event.add(key, value) }) instead!
[23:12:11] [ERROR] ! mekanismClient.js#15: Use ClientEvents.lang('en_us', event => { event.add(key, value) }) instead!
[23:12:11] [ERROR] ! mekanismClient.js#15: Use ClientEvents.lang('en_us', event => { event.add(key, value) }) instead!
[23:12:11] [ERROR] ! mekanismClient.js#15: Use ClientEvents.lang('en_us', event => { event.add(key, value) }) instead!
[23:12:11] [ERROR] ! mekanismClient.js#15: Use ClientEvents.lang('en_us', event => { event.add(key, value) }) instead!
[23:12:11] [ERROR] ! mekanismClient.js#12: Use ClientEvents.lang('en_us', event => { event.add(key, value) }) instead!
[23:12:11] [ERROR] ! mekanismClient.js#13: Use ClientEvents.lang('en_us', event => { event.add(key, value) }) instead!
[23:12:11] [ERROR] ! mekanismClient.js#15: Use ClientEvents.lang('en_us', event => { event.add(key, value) }) instead!
[23:12:11] [ERROR] ! mekanismClient.js#15: Use ClientEvents.lang('en_us', event => { event.add(key, value) }) instead!
[23:12:11] [ERROR] ! mekanismClient.js#15: Use ClientEvents.lang('en_us', event => { event.add(key, value) }) instead!
[23:12:11] [ERROR] ! mekanismClient.js#15: Use ClientEvents.lang('en_us', event => { event.add(key, value) }) instead!
