[23:11:55] [INIT] KubeJS 2001.6.4-build.95; MC 2001 forge
[23:11:55] [INIT] Loaded plugins:
[23:11:55] [INIT] - dev.latvian.mods.kubejs.forge.BuiltinKubeJSForgePlugin
[23:11:55] [INIT] - dev.latvian.mods.kubejs.forge.BuiltinKubeJSForgeClientPlugin
[23:11:55] [INIT] - com.lowdragmc.lowdraglib.kjs.LDLibKubeJSPlugin
[23:11:55] [INIT] - dev.ftb.mods.ftbxmodcompat.ftbquests.kubejs.KubeJSIntegration
[23:11:55] [INIT] - dev.ftb.mods.ftbxmodcompat.ftbchunks.kubejs.FTBChunksKubeJSPlugin
[23:11:55] [INIT] - com.gregtechceu.gtceu.integration.kjs.GregTechKubeJSPlugin
[23:11:55] [INIT] - com.tom.createores.kubejs.KubeJSExcavation
[23:11:55] [INIT] - com.almostreliable.morejs.Plugin
[23:11:55] [INIT] - com.blakebr0.cucumber.compat.kubejs.CucumberKubeJSPlugin
[23:11:55] [INIT] - com.almostreliable.ponderjs.PonderJSPlugin
[23:11:56] [INFO] Loaded script startup_scripts:custom_additions.js in 0.044 s
[23:11:56] [INFO] farmingForBlockheads.js#8: Loaded Java class 'net.blay09.mods.farmingforblockheads.api.FarmingForBlockheadsAPI'
[23:11:56] [INFO] Loaded script startup_scripts:farmingForBlockheads.js in 0.005 s
[23:11:56] [INFO] Loaded script startup_scripts:gtceu/alcr.js in 0.003 s
[23:11:56] [INFO] Loaded script startup_scripts:gtceu/gregstar_placeholders.js in 0.001 s
[23:11:56] [INFO] gtceu/material_modification.js#1: Loaded Java class 'com.gregtechceu.gtceu.api.data.chemical.material.properties.FluidProperty'
[23:11:56] [INFO] gtceu/material_modification.js#2: Loaded Java class 'com.gregtechceu.gtceu.api.data.chemical.material.properties.OreProperty'
[23:11:56] [INFO] Loaded script startup_scripts:gtceu/material_modification.js in 0.004 s
[23:11:56] [INFO] gtceu/mega_fusion_reactor.js#1: Loaded Java class 'com.gregtechceu.gtceu.common.machine.multiblock.electric.FusionReactorMachine'
[23:11:56] [INFO] Loaded script startup_scripts:gtceu/mega_fusion_reactor.js in 0.021 s
[23:11:56] [INFO] Loaded script startup_scripts:gtceu/micro_universe_orb.js in 0.01 s
[23:11:56] [INFO] Loaded script startup_scripts:gtceu/starforge.js in 0.004 s
[23:11:56] [INFO] mekanismStartup.js#16: Loaded Java class 'mekanism.api.chemical.slurry.Slurry'
[23:11:56] [INFO] mekanismStartup.js#17: Loaded Java class 'mekanism.api.chemical.slurry.SlurryBuilder'
[23:11:56] [INFO] mekanismStartup.js#18: Loaded Java class 'mekanism.api.chemical.gas.Gas'
[23:11:56] [INFO] mekanismStartup.js#19: Loaded Java class 'mekanism.api.chemical.gas.GasBuilder'
[23:11:56] [INFO] Loaded script startup_scripts:mekanismStartup.js in 0.003 s
[23:11:56] [INFO] Loaded script startup_scripts:mining_dim_layers.js in 0.001 s
[23:11:56] [INFO] Loaded script startup_scripts:settings.js in 0.002 s
[23:11:56] [INFO] Loaded script startup_scripts:worldgen.js in 0.0 s
[23:11:56] [INFO] Loaded 12/12 KubeJS startup scripts in 0.85 s
